projects/android-studio-3/app/build/outputs/logs/manifest-merger-debug-report.txt
-- Merging decision tree log ---
manifest
ADDED from src/main/AndroidManifest.xml:1:1-30:12
INJECTED from src/main/AndroidManifest.xml:1:1-30:12
INJECTED from src/main/AndroidManifest.xml:1:1-30:12
INJECTED from src/main/AndroidManifest.xml:1:1-30:12
INJECTED from src/main/AndroidManifest.xml:1:1-30:12
INJECTED from src/main/AndroidManifest.xml:1:1-30:12
INJECTED from src/main/AndroidManifest.xml:1:1-30:12
	package
		ADDED from src/main/AndroidManifest.xml:3:5-39
		INJECTED from src/main/AndroidManifest.xml
		INJECTED from src/main/AndroidManifest.xml
	android:versionName
		INJECTED from src/main/AndroidManifest.xml
		ADDED from src/main/AndroidManifest.xml:1:1-30:12
		INJECTED from src/main/AndroidManifest.xml
	android:versionCode
		INJECTED from src/main/AndroidManifest.xml
		ADDED from src/main/AndroidManifest.xml:1:1-30:12
		INJECTED from src/main/AndroidManifest.xml
	xmlns:android
		ADDED from src/main/AndroidManifest.xml:2:5-63
application
ADDED from src/main/AndroidManifest.xml:5:5-28:19
	android:label
		ADDED from src/main/AndroidManifest.xml:8:9-41
	android:hasCode
		ADDED from src/main/AndroidManifest.xml:11:9-32
	android:roundIcon
		ADDED from src/main/AndroidManifest.xml:10:9-54
	android:icon
		ADDED from src/main/AndroidManifest.xml:7:9-43
	android:allowBackup
		ADDED from src/main/AndroidManifest.xml:6:9-36
	android:theme
		ADDED from src/main/AndroidManifest.xml:9:9-73
activity#android.app.NativeActivity
ADDED from src/main/AndroidManifest.xml:13:9-26:20
	android:screenOrientation
		ADDED from src/main/AndroidManifest.xml:16:13-49
	android:label
		ADDED from src/main/AndroidManifest.xml:15:13-45
	android:configChanges
		ADDED from src/main/AndroidManifest.xml:17:13-90
	android:name
		ADDED from src/main/AndroidManifest.xml:14:13-54
meta-data#android.app.lib_name
ADDED from src/main/AndroidManifest.xml:19:13-84
	android:value
		ADDED from src/main/AndroidManifest.xml:19:60-82
	android:name
		ADDED from src/main/AndroidManifest.xml:19:24-59
intent-filter#android.intent.action.MAIN+android.intent.category.LAUNCHER
ADDED from src/main/AndroidManifest.xml:21:13-24:29
action#android.intent.action.MAIN
ADDED from src/main/AndroidManifest.xml:22:17-70
	android:name
		ADDED from src/main/AndroidManifest.xml:22:27-68
category#android.intent.category.LAUNCHER
ADDED from src/main/AndroidManifest.xml:23:17-76
	android:name
		ADDED from src/main/AndroidManifest.xml:23:27-74
uses-sdk
INJECTED from src/main/AndroidManifest.xml reason: use-sdk injection requested
INJECTED from src/main/AndroidManifest.xml
INJECTED from src/main/AndroidManifest.xml
INJECTED from src/main/AndroidManifest.xml
INJECTED from src/main/AndroidManifest.xml
	android:targetSdkVersion
		INJECTED from src/main/AndroidManifest.xml
		ADDED from src/main/AndroidManifest.xml
		INJECTED from src/main/AndroidManifest.xml
	android:minSdkVersion
		INJECTED from src/main/AndroidManifest.xml
		ADDED from src/main/AndroidManifest.xml
		INJECTED from src/main/AndroidManifest.xml